<!DOCTYPE html PUBLIC "-//W3C//DTD XHTML 1.1//EN" "http://www.w3.org/TR/xhtml11/DTD/xhtml11.dtd">
<html xmlns="http://www.w3.org/1999/xhtml">
<head>
<meta charset='utf-8'>
<title>TestNG Report</title>
<style type="text/css">
table {margin-bottom:10px;border-collapse:collapse;empty-cells:show}
td,th {border:1px solid #009;padding:.25em .5em}
.result th {vertical-align:bottom}
.param th {padding-left:1em;padding-right:1em}
.param td {padding-left:.5em;padding-right:2em}
.stripe td,.stripe th {background-color: #E6EBF9}
.numi,.numi_attn {text-align:right}
.total td {font-weight:bold}
.passedodd td {background-color: #0A0}
.passedeven td {background-color: #3F3}
.skippedodd td {background-color: #CCC}
.skippedodd td {background-color: #DDD}
.failedodd td,.numi_attn {background-color: #F33}
.failedeven td,.stripe .numi_attn {background-color: #D00}
.stacktrace {white-space:pre;font-family:monospace}
.totop {font-size:85%;text-align:center;border-bottom:2px solid #000}
</style>
</head>
<body>
<table cellspacing="0" cellpadding="0" class="testOverview">
<tr><th>Test</th><th>Methods<br/>Passed</th><th>Scenarios<br/>Passed</th><th># skipped</th><th># failed</th><th>Total<br/>Time</th><th>Included<br/>Groups</th><th>Excluded<br/>Groups</th></tr>
<tr><td style="text-align:left;padding-right:2em"><a href="#t1">C:/Users/Shanmugasundharam/Git/S2_Application/Selenium/src/main/java/Execution_Engine/Driver_Script.java</a></td><td class="numi">0</td><td class="numi">0</td><td class="numi_attn">1</td><td class="numi">0</td><td class="numi">0.0 seconds</td><td class="numi"></td><td class="numi"></td></tr>
</table>
<table cellspacing="0" cellpadding="0" class="methodOverview" id="summary">
<tr><th>Class</th><th>Method</th><th># of<br/>Scenarios</th><th>Start</th><th>Time<br/>(ms)</th></tr>
<tr id="t1"><th colspan="5">C:/Users/Shanmugasundharam/Git/S2_Application/Selenium/src/main/java/Execution_Engine/Driver_Script.java &#8212; failed (configuration methods)</th></tr>
<tr class="failedodd"><td>Execution_Engine.Driver_Script</td><td><a href="#m1"><b>BeforeTest</b>  </a></td><td class="numi">1</td><td>1741250782754</td><td class="numi">3</td></tr>
<tr><th colspan="5">C:/Users/Shanmugasundharam/Git/S2_Application/Selenium/src/main/java/Execution_Engine/Driver_Script.java &#8212; skipped (configuration methods)</th></tr>
<tr class="skippedodd"><td rowspan="6">Execution_Engine.Driver_Script</td><td><a href="#m2"><b>AfterSuite</b>  </a></td><td class="numi">1</td><td>1741250782781</td><td class="numi">0</td></tr><tr class="skippedodd"><td><a href="#m3"><b>BeforeMethod</b>  </a></td><td class="numi">1</td><td>1741250782778</td><td class="numi">0</td></tr><tr class="skippedodd"><td><a href="#m4"><b>AfterTest</b>  </a></td><td class="numi">1</td><td>1741250782780</td><td class="numi">0</td></tr><tr class="skippedodd"><td><a href="#m5"><b>BeforeClass</b>  </a></td><td class="numi">1</td><td>1741250782772</td><td class="numi">0</td></tr><tr class="skippedodd"><td><a href="#m6"><b>AfterClass</b>  </a></td><td class="numi">1</td><td>1741250782779</td><td class="numi">0</td></tr><tr class="skippedodd"><td><a href="#m7"><b>AfterMethod</b>  </a></td><td class="numi">1</td><td>1741250782779</td><td class="numi">0</td></tr>
<tr><th colspan="5">C:/Users/Shanmugasundharam/Git/S2_Application/Selenium/src/main/java/Execution_Engine/Driver_Script.java &#8212; skipped</th></tr>
<tr class="skippedodd"><td>Execution_Engine.Driver_Script</td><td><a href="#m8"><b>Initalization</b>  </a></td><td class="numi">1</td><td>1741250782778</td><td class="numi">0</td></tr>
</table>
<h1>C:/Users/Shanmugasundharam/Git/S2_Application/Selenium/src/main/java/Execution_Engine/Driver_Script.java</h1>
<h2 id="m1">Execution_Engine.Driver_Script:BeforeTest</h2>
<div>
<h3>Test Messages</h3>
BeforeTest<br/>
<h3>Failure</h3>
<div class="stacktrace">java.io.FileNotFoundException: C:\Users\Shanmugasundharam\Git\S2_Application\Selenium\src\main\resources\Test_Data\Framework.properties (The system cannot find the path specified)
	at java.base/java.io.FileInputStream.open0(Native Method)
	at java.base/java.io.FileInputStream.open(FileInputStream.java:219)
	at java.base/java.io.FileInputStream.&lt;init&gt;(FileInputStream.java:159)
	at java.base/java.io.FileInputStream.&lt;init&gt;(FileInputStream.java:112)
	at ReUsable_Codes.Reusable_Library.Get_Value_From_Property_File(Reusable_Library.java:28)
	at Utilities.Excel_Utilities.Excel_Testcases(Excel_Utilities.java:33)
	at Execution_Engine.Driver_Script.BeforeTest(Driver_Script.java:35)
	at java.base/jdk.internal.reflect.DirectMethodHandleAccessor.invoke(DirectMethodHandleAccessor.java:103)
	at java.base/java.lang.reflect.Method.invoke(Method.java:580)
	at org.testng.internal.MethodInvocationHelper.invokeMethod(MethodInvocationHelper.java:124)
	at org.testng.internal.MethodInvocationHelper.invokeMethodConsideringTimeout(MethodInvocationHelper.java:59)
	at org.testng.internal.Invoker.invokeConfigurationMethod(Invoker.java:458)
	at org.testng.internal.Invoker.invokeConfigurations(Invoker.java:222)
	at org.testng.internal.Invoker.invokeConfigurations(Invoker.java:142)
	at org.testng.TestRunner.beforeRun(TestRunner.java:529)
	at org.testng.TestRunner.run(TestRunner.java:497)
	at org.testng.SuiteRunner.runTest(SuiteRunner.java:455)
	at org.testng.SuiteRunner.runSequentially(SuiteRunner.java:450)
	at org.testng.SuiteRunner.privateRun(SuiteRunner.java:415)
	at org.testng.SuiteRunner.run(SuiteRunner.java:364)
	at org.testng.SuiteRunnerWorker.runSuite(SuiteRunnerWorker.java:52)
	at org.testng.SuiteRunnerWorker.run(SuiteRunnerWorker.java:84)
	at org.testng.TestNG.runSuitesSequentially(TestNG.java:1208)
	at org.testng.TestNG.runSuitesLocally(TestNG.java:1137)
	at org.testng.TestNG.runSuites(TestNG.java:1049)
	at org.testng.TestNG.run(TestNG.java:1017)
	at com.intellij.rt.testng.IDEARemoteTestNG.run(IDEARemoteTestNG.java:65)
	at com.intellij.rt.testng.RemoteTestNGStarter.main(RemoteTestNGStarter.java:105)
</div>
</div>
<p class="totop"><a href="#summary">back to summary</a></p>
<h2 id="m2">Execution_Engine.Driver_Script:AfterSuite</h2>
<p class="totop"><a href="#summary">back to summary</a></p>
<h2 id="m3">Execution_Engine.Driver_Script:BeforeMethod</h2>
<p class="totop"><a href="#summary">back to summary</a></p>
<h2 id="m4">Execution_Engine.Driver_Script:AfterTest</h2>
<p class="totop"><a href="#summary">back to summary</a></p>
<h2 id="m5">Execution_Engine.Driver_Script:BeforeClass</h2>
<p class="totop"><a href="#summary">back to summary</a></p>
<h2 id="m6">Execution_Engine.Driver_Script:AfterClass</h2>
<p class="totop"><a href="#summary">back to summary</a></p>
<h2 id="m7">Execution_Engine.Driver_Script:AfterMethod</h2>
<p class="totop"><a href="#summary">back to summary</a></p>
<h2 id="m8">Execution_Engine.Driver_Script:Initalization</h2>
<div>
<div class="stacktrace">java.io.FileNotFoundException: C:\Users\Shanmugasundharam\Git\S2_Application\Selenium\src\main\resources\Test_Data\Framework.properties (The system cannot find the path specified)
	at java.base/java.io.FileInputStream.open0(Native Method)
	at java.base/java.io.FileInputStream.open(FileInputStream.java:219)
	at java.base/java.io.FileInputStream.&lt;init&gt;(FileInputStream.java:159)
	at java.base/java.io.FileInputStream.&lt;init&gt;(FileInputStream.java:112)
	at ReUsable_Codes.Reusable_Library.Get_Value_From_Property_File(Reusable_Library.java:28)
	at Utilities.Excel_Utilities.Excel_Testcases(Excel_Utilities.java:33)
	at Execution_Engine.Driver_Script.BeforeTest(Driver_Script.java:35)
	at java.base/jdk.internal.reflect.DirectMethodHandleAccessor.invoke(DirectMethodHandleAccessor.java:103)
	at java.base/java.lang.reflect.Method.invoke(Method.java:580)
	at org.testng.internal.MethodInvocationHelper.invokeMethod(MethodInvocationHelper.java:124)
	at org.testng.internal.MethodInvocationHelper.invokeMethodConsideringTimeout(MethodInvocationHelper.java:59)
	at org.testng.internal.Invoker.invokeConfigurationMethod(Invoker.java:458)
	at org.testng.internal.Invoker.invokeConfigurations(Invoker.java:222)
	at org.testng.internal.Invoker.invokeConfigurations(Invoker.java:142)
	at org.testng.TestRunner.beforeRun(TestRunner.java:529)
	at org.testng.TestRunner.run(TestRunner.java:497)
	at org.testng.SuiteRunner.runTest(SuiteRunner.java:455)
	at org.testng.SuiteRunner.runSequentially(SuiteRunner.java:450)
	at org.testng.SuiteRunner.privateRun(SuiteRunner.java:415)
	at org.testng.SuiteRunner.run(SuiteRunner.java:364)
	at org.testng.SuiteRunnerWorker.runSuite(SuiteRunnerWorker.java:52)
	at org.testng.SuiteRunnerWorker.run(SuiteRunnerWorker.java:84)
	at org.testng.TestNG.runSuitesSequentially(TestNG.java:1208)
	at org.testng.TestNG.runSuitesLocally(TestNG.java:1137)
	at org.testng.TestNG.runSuites(TestNG.java:1049)
	at org.testng.TestNG.run(TestNG.java:1017)
	at com.intellij.rt.testng.IDEARemoteTestNG.run(IDEARemoteTestNG.java:65)
	at com.intellij.rt.testng.RemoteTestNGStarter.main(RemoteTestNGStarter.java:105)
</div>
</div>
<p class="totop"><a href="#summary">back to summary</a></p>
</body></html>
